{"/home/meekbill/Desktop/altschoool/practice/nodejs api/app.js": {"path":"/home/meekbill/Desktop/altschoool/practice/nodejs api/app.js","statementMap":{"0":{"start":{"line":1,"column":13},"end":{"line":1,"column":28}},"1":{"start":{"line":2,"column":11},"end":{"line":2,"column":24}},"2":{"start":{"line":3,"column":13},"end":{"line":3,"column":28}},"3":{"start":{"line":5,"column":16},"end":{"line":5,"column":18}},"4":{"start":{"line":6,"column":15},"end":{"line":6,"column":58}},"5":{"start":{"line":7,"column":13},"end":{"line":7,"column":17}},"6":{"start":{"line":8,"column":17},"end":{"line":8,"column":28}},"7":{"start":{"line":10,"column":24},"end":{"line":21,"column":1}},"8":{"start":{"line":11,"column":4},"end":{"line":20,"column":5}},"9":{"start":{"line":12,"column":8},"end":{"line":12,"column":41}},"10":{"start":{"line":13,"column":10},"end":{"line":20,"column":5}},"11":{"start":{"line":14,"column":8},"end":{"line":14,"column":38}},"12":{"start":{"line":15,"column":10},"end":{"line":20,"column":5}},"13":{"start":{"line":16,"column":8},"end":{"line":16,"column":40}},"14":{"start":{"line":18,"column":8},"end":{"line":18,"column":32}},"15":{"start":{"line":19,"column":8},"end":{"line":19,"column":35}},"16":{"start":{"line":24,"column":4},"end":{"line":30,"column":6}},"17":{"start":{"line":25,"column":8},"end":{"line":28,"column":9}},"18":{"start":{"line":26,"column":12},"end":{"line":26,"column":35}},"19":{"start":{"line":27,"column":12},"end":{"line":27,"column":44}},"20":{"start":{"line":29,"column":8},"end":{"line":29,"column":29}},"21":{"start":{"line":34,"column":17},"end":{"line":34,"column":19}},"22":{"start":{"line":35,"column":4},"end":{"line":38,"column":6}},"23":{"start":{"line":36,"column":8},"end":{"line":36,"column":24}},"24":{"start":{"line":37,"column":8},"end":{"line":37,"column":26}},"25":{"start":{"line":40,"column":4},"end":{"line":71,"column":6}},"26":{"start":{"line":41,"column":27},"end":{"line":41,"column":57}},"27":{"start":{"line":42,"column":26},"end":{"line":42,"column":48}},"28":{"start":{"line":43,"column":8},"end":{"line":43,"column":30}},"29":{"start":{"line":46,"column":8},"end":{"line":70,"column":6}},"30":{"start":{"line":47,"column":12},"end":{"line":51,"column":13}},"31":{"start":{"line":48,"column":16},"end":{"line":48,"column":32}},"32":{"start":{"line":49,"column":16},"end":{"line":49,"column":39}},"33":{"start":{"line":50,"column":16},"end":{"line":50,"column":48}},"34":{"start":{"line":52,"column":33},"end":{"line":52,"column":49}},"35":{"start":{"line":53,"column":31},"end":{"line":53,"column":68}},"36":{"start":{"line":54,"column":41},"end":{"line":54,"column":54}},"37":{"start":{"line":55,"column":12},"end":{"line":55,"column":46}},"38":{"start":{"line":56,"column":12},"end":{"line":56,"column":63}},"39":{"start":{"line":57,"column":32},"end":{"line":57,"column":60}},"40":{"start":{"line":60,"column":8},"end":{"line":69,"column":10}},"41":{"start":{"line":61,"column":12},"end":{"line":67,"column":13}},"42":{"start":{"line":62,"column":16},"end":{"line":62,"column":32}},"43":{"start":{"line":63,"column":16},"end":{"line":63,"column":39}},"44":{"start":{"line":64,"column":16},"end":{"line":66,"column":20}},"45":{"start":{"line":68,"column":12},"end":{"line":68,"column":52}},"46":{"start":{"line":75,"column":4},"end":{"line":75,"column":12}},"47":{"start":{"line":76,"column":4},"end":{"line":78,"column":6}},"48":{"start":{"line":77,"column":8},"end":{"line":77,"column":25}},"49":{"start":{"line":80,"column":4},"end":{"line":116,"column":6}},"50":{"start":{"line":81,"column":31},"end":{"line":81,"column":61}},"51":{"start":{"line":82,"column":36},"end":{"line":82,"column":58}},"52":{"start":{"line":83,"column":29},"end":{"line":83,"column":47}},"53":{"start":{"line":85,"column":12},"end":{"line":115,"column":14}},"54":{"start":{"line":86,"column":16},"end":{"line":90,"column":17}},"55":{"start":{"line":87,"column":20},"end":{"line":87,"column":36}},"56":{"start":{"line":88,"column":20},"end":{"line":88,"column":44}},"57":{"start":{"line":89,"column":20},"end":{"line":89,"column":52}},"58":{"start":{"line":92,"column":34},"end":{"line":92,"column":53}},"59":{"start":{"line":94,"column":36},"end":{"line":94,"column":89}},"60":{"start":{"line":94,"column":66},"end":{"line":94,"column":88}},"61":{"start":{"line":96,"column":16},"end":{"line":100,"column":17}},"62":{"start":{"line":97,"column":20},"end":{"line":97,"column":43}},"63":{"start":{"line":98,"column":20},"end":{"line":98,"column":73}},"64":{"start":{"line":99,"column":20},"end":{"line":99,"column":26}},"65":{"start":{"line":102,"column":16},"end":{"line":102,"column":49}},"66":{"start":{"line":104,"column":16},"end":{"line":114,"column":18}},"67":{"start":{"line":105,"column":20},"end":{"line":111,"column":21}},"68":{"start":{"line":106,"column":24},"end":{"line":106,"column":41}},"69":{"start":{"line":107,"column":20},"end":{"line":107,"column":44}},"70":{"start":{"line":108,"column":20},"end":{"line":110,"column":24}},"71":{"start":{"line":112,"column":20},"end":{"line":112,"column":44}},"72":{"start":{"line":113,"column":20},"end":{"line":113,"column":71}},"73":{"start":{"line":121,"column":15},"end":{"line":121,"column":49}},"74":{"start":{"line":122,"column":0},"end":{"line":124,"column":2}},"75":{"start":{"line":123,"column":4},"end":{"line":123,"column":45}},"76":{"start":{"line":126,"column":0},"end":{"line":126,"column":24}}},"fnMap":{"0":{"name":"(anonymous_0)","decl":{"start":{"line":10,"column":24},"end":{"line":10,"column":25}},"loc":{"start":{"line":10,"column":51},"end":{"line":21,"column":1}},"line":10},"1":{"name":"getAllWinners","decl":{"start":{"line":23,"column":9},"end":{"line":23,"column":22}},"loc":{"start":{"line":23,"column":41},"end":{"line":31,"column":1}},"line":23},"2":{"name":"(anonymous_2)","decl":{"start":{"line":24,"column":33},"end":{"line":24,"column":34}},"loc":{"start":{"line":24,"column":51},"end":{"line":30,"column":5}},"line":24},"3":{"name":"addPlayers","decl":{"start":{"line":33,"column":9},"end":{"line":33,"column":19}},"loc":{"start":{"line":33,"column":38},"end":{"line":72,"column":1}},"line":33},"4":{"name":"(anonymous_4)","decl":{"start":{"line":35,"column":23},"end":{"line":35,"column":24}},"loc":{"start":{"line":35,"column":33},"end":{"line":38,"column":5}},"line":35},"5":{"name":"(anonymous_5)","decl":{"start":{"line":40,"column":22},"end":{"line":40,"column":23}},"loc":{"start":{"line":40,"column":26},"end":{"line":71,"column":5}},"line":40},"6":{"name":"(anonymous_6)","decl":{"start":{"line":46,"column":36},"end":{"line":46,"column":37}},"loc":{"start":{"line":46,"column":49},"end":{"line":70,"column":5}},"line":46},"7":{"name":"(anonymous_7)","decl":{"start":{"line":60,"column":58},"end":{"line":60,"column":59}},"loc":{"start":{"line":60,"column":66},"end":{"line":69,"column":9}},"line":60},"8":{"name":"deletePlayer","decl":{"start":{"line":74,"column":9},"end":{"line":74,"column":21}},"loc":{"start":{"line":74,"column":41},"end":{"line":118,"column":1}},"line":74},"9":{"name":"(anonymous_9)","decl":{"start":{"line":76,"column":23},"end":{"line":76,"column":24}},"loc":{"start":{"line":76,"column":33},"end":{"line":78,"column":5}},"line":76},"10":{"name":"(anonymous_10)","decl":{"start":{"line":80,"column":21},"end":{"line":80,"column":22}},"loc":{"start":{"line":80,"column":27},"end":{"line":116,"column":5}},"line":80},"11":{"name":"(anonymous_11)","decl":{"start":{"line":85,"column":40},"end":{"line":85,"column":41}},"loc":{"start":{"line":85,"column":56},"end":{"line":115,"column":13}},"line":85},"12":{"name":"(anonymous_12)","decl":{"start":{"line":94,"column":56},"end":{"line":94,"column":57}},"loc":{"start":{"line":94,"column":66},"end":{"line":94,"column":88}},"line":94},"13":{"name":"(anonymous_13)","decl":{"start":{"line":104,"column":64},"end":{"line":104,"column":65}},"loc":{"start":{"line":104,"column":73},"end":{"line":114,"column":17}},"line":104},"14":{"name":"(anonymous_14)","decl":{"start":{"line":122,"column":30},"end":{"line":122,"column":31}},"loc":{"start":{"line":122,"column":34},"end":{"line":124,"column":1}},"line":122}},"branchMap":{"0":{"loc":{"start":{"line":11,"column":4},"end":{"line":20,"column":5}},"type":"if","locations":[{"start":{"line":11,"column":4},"end":{"line":20,"column":5}},{"start":{"line":13,"column":10},"end":{"line":20,"column":5}}],"line":11},"1":{"loc":{"start":{"line":11,"column":7},"end":{"line":11,"column":59}},"type":"binary-expr","locations":[{"start":{"line":11,"column":7},"end":{"line":11,"column":31}},{"start":{"line":11,"column":35},"end":{"line":11,"column":59}}],"line":11},"2":{"loc":{"start":{"line":13,"column":10},"end":{"line":20,"column":5}},"type":"if","locations":[{"start":{"line":13,"column":10},"end":{"line":20,"column":5}},{"start":{"line":15,"column":10},"end":{"line":20,"column":5}}],"line":13},"3":{"loc":{"start":{"line":13,"column":13},"end":{"line":13,"column":65}},"type":"binary-expr","locations":[{"start":{"line":13,"column":13},"end":{"line":13,"column":37}},{"start":{"line":13,"column":41},"end":{"line":13,"column":65}}],"line":13},"4":{"loc":{"start":{"line":15,"column":10},"end":{"line":20,"column":5}},"type":"if","locations":[{"start":{"line":15,"column":10},"end":{"line":20,"column":5}},{"start":{"line":17,"column":10},"end":{"line":20,"column":5}}],"line":15},"5":{"loc":{"start":{"line":15,"column":14},"end":{"line":15,"column":70}},"type":"binary-expr","locations":[{"start":{"line":15,"column":14},"end":{"line":15,"column":40}},{"start":{"line":15,"column":44},"end":{"line":15,"column":70}}],"line":15},"6":{"loc":{"start":{"line":25,"column":8},"end":{"line":28,"column":9}},"type":"if","locations":[{"start":{"line":25,"column":8},"end":{"line":28,"column":9}},{"start":{},"end":{}}],"line":25},"7":{"loc":{"start":{"line":47,"column":12},"end":{"line":51,"column":13}},"type":"if","locations":[{"start":{"line":47,"column":12},"end":{"line":51,"column":13}},{"start":{},"end":{}}],"line":47},"8":{"loc":{"start":{"line":61,"column":12},"end":{"line":67,"column":13}},"type":"if","locations":[{"start":{"line":61,"column":12},"end":{"line":67,"column":13}},{"start":{},"end":{}}],"line":61},"9":{"loc":{"start":{"line":86,"column":16},"end":{"line":90,"column":17}},"type":"if","locations":[{"start":{"line":86,"column":16},"end":{"line":90,"column":17}},{"start":{},"end":{}}],"line":86},"10":{"loc":{"start":{"line":96,"column":16},"end":{"line":100,"column":17}},"type":"if","locations":[{"start":{"line":96,"column":16},"end":{"line":100,"column":17}},{"start":{},"end":{}}],"line":96},"11":{"loc":{"start":{"line":105,"column":20},"end":{"line":111,"column":21}},"type":"if","locations":[{"start":{"line":105,"column":20},"end":{"line":111,"column":21}},{"start":{},"end":{}}],"line":105}},"s":{"0":1,"1":1,"2":1,"3":1,"4":1,"5":1,"6":1,"7":1,"8":1,"9":1,"10":0,"11":0,"12":0,"13":0,"14":0,"15":0,"16":1,"17":1,"18":0,"19":0,"20":1,"21":0,"22":0,"23":0,"24":0,"25":0,"26":0,"27":0,"28":0,"29":0,"30":0,"31":0,"32":0,"33":0,"34":0,"35":0,"36":0,"37":0,"38":0,"39":0,"40":0,"41":0,"42":0,"43":0,"44":0,"45":0,"46":0,"47":0,"48":0,"49":0,"50":0,"51":0,"52":0,"53":0,"54":0,"55":0,"56":0,"57":0,"58":0,"59":0,"60":0,"61":0,"62":0,"63":0,"64":0,"65":0,"66":0,"67":0,"68":0,"69":0,"70":0,"71":0,"72":0,"73":1,"74":1,"75":1,"76":1},"f":{"0":1,"1":1,"2":1,"3":0,"4":0,"5":0,"6":0,"7":0,"8":0,"9":0,"10":0,"11":0,"12":0,"13":0,"14":1},"b":{"0":[1,0],"1":[1,1],"2":[0,0],"3":[0,0],"4":[0,0],"5":[0,0],"6":[0,1],"7":[0,0],"8":[0,0],"9":[0,0],"10":[0,0],"11":[0,0]},"_coverageSchema":"1a1c01bbd47fc00a2c39e90264f33305004495a9","hash":"b282422eb02e8963615b35b0871f25a855861e45"}
}
